<?xml version="1.0" encoding="UTF-8"?>
<!-- Generated by org.testng.reporters.JUnitReportReporter -->
<testsuite hostname="DELL" name="com.javainuse.test.SpringBootHelloWorldTests" tests="1" failures="0" timestamp="23 Feb 2020 07:36:18 GMT" time="0.324" errors="0">
  <testcase name="testEmployee" time="0.324" classname="com.javainuse.test.SpringBootHelloWorldTests"/>
</testsuite> <!-- com.javainuse.test.SpringBootHelloWorldTests -->
