<?xml version="1.0" encoding="UTF-8"?>
<!-- Generated by org.testng.reporters.JUnitReportReporter -->
<testsuite hostname="DELL" name="com.javainuse.test.SpringBootHelloWorldTests" tests="1" failures="0" timestamp="26 Oct 2020 10:51:34 GMT" time="0.385" errors="0">
  <testcase name="testEmployee" time="0.385" classname="com.javainuse.test.SpringBootHelloWorldTests"/>
</testsuite> <!-- com.javainuse.test.SpringBootHelloWorldTests -->
